CRITICAL - 2020-07-09 00:03:52 --> Invalid file: template/headerLogin.php
#0 D:\sisChamados\system\View\View.php(228): CodeIgniter\Exceptions\FrameworkException::forInvalidFile('template/header...')
#1 D:\sisChamados\system\Common.php(1087): CodeIgniter\View\View->render('template/header...', Array, true)
#2 D:\sisChamados\app\Views\login\login.php(2): view('template/header...')
#3 D:\sisChamados\system\View\View.php(246): include('D:\\sisChamados\\...')
#4 D:\sisChamados\system\Common.php(1087): CodeIgniter\View\View->render('login/login', Array, true)
#5 D:\sisChamados\app\Controllers\Login.php(7): view('login/login')
#6 D:\sisChamados\system\CodeIgniter.php(914): App\Controllers\Login->index()
#7 D:\sisChamados\system\CodeIgniter.php(400): CodeIgniter\CodeIgniter->runController(Object(App\Controllers\Login))
#8 D:\sisChamados\system\CodeIgniter.php(308): CodeIgniter\CodeIgniter->handleRequest(NULL, Object(Config\Cache), false)
#9 D:\sisChamados\public\index.php(45): CodeIgniter\CodeIgniter->run()
#10 D:\sisChamados\system\Commands\Server\rewrite.php(34): require_once('D:\\sisChamados\\...')
#11 {main}
CRITICAL - 2020-07-09 22:22:54 --> min_lengt is not a valid rule.
#0 D:\sisChamados\system\Validation\Validation.php(302): CodeIgniter\Validation\Exceptions\ValidationException::forRuleNotFound('min_lengt')
#1 D:\sisChamados\system\Validation\Validation.php(189): CodeIgniter\Validation\Validation->processRules('telefone', 'Telefone', '9999999', Array, Array)
#2 D:\sisChamados\app\Controllers\Login.php(31): CodeIgniter\Validation\Validation->run()
#3 D:\sisChamados\system\CodeIgniter.php(914): App\Controllers\Login->validaCadastro()
#4 D:\sisChamados\system\CodeIgniter.php(400): CodeIgniter\CodeIgniter->runController(Object(App\Controllers\Login))
#5 D:\sisChamados\system\CodeIgniter.php(308): CodeIgniter\CodeIgniter->handleRequest(NULL, Object(Config\Cache), false)
#6 D:\sisChamados\public\index.php(45): CodeIgniter\CodeIgniter->run()
#7 D:\sisChamados\system\Commands\Server\rewrite.php(34): require_once('D:\\sisChamados\\...')
#8 {main}
CRITICAL - 2020-07-09 22:23:08 --> min_lengt is not a valid rule.
#0 D:\sisChamados\system\Validation\Validation.php(302): CodeIgniter\Validation\Exceptions\ValidationException::forRuleNotFound('min_lengt')
#1 D:\sisChamados\system\Validation\Validation.php(189): CodeIgniter\Validation\Validation->processRules('telefone', 'Telefone', '9999999', Array, Array)
#2 D:\sisChamados\app\Controllers\Login.php(31): CodeIgniter\Validation\Validation->run()
#3 D:\sisChamados\system\CodeIgniter.php(914): App\Controllers\Login->validaCadastro()
#4 D:\sisChamados\system\CodeIgniter.php(400): CodeIgniter\CodeIgniter->runController(Object(App\Controllers\Login))
#5 D:\sisChamados\system\CodeIgniter.php(308): CodeIgniter\CodeIgniter->handleRequest(NULL, Object(Config\Cache), false)
#6 D:\sisChamados\public\index.php(45): CodeIgniter\CodeIgniter->run()
#7 D:\sisChamados\system\Commands\Server\rewrite.php(34): require_once('D:\\sisChamados\\...')
#8 {main}
