CRITICAL - 2020-07-08 22:54:27 --> Invalid file: Views/main/adminMain.php
#0 D:\sisChamados\system\View\View.php(228): CodeIgniter\Exceptions\FrameworkException::forInvalidFile('Views/main/admi...')
#1 D:\sisChamados\system\Common.php(1087): CodeIgniter\View\View->render('Views/main/admi...', Array, true)
#2 D:\sisChamados\app\Controllers\Home.php(7): view('Views/main/admi...')
#3 D:\sisChamados\system\CodeIgniter.php(914): App\Controllers\Home->index()
#4 D:\sisChamados\system\CodeIgniter.php(400): CodeIgniter\CodeIgniter->runController(Object(App\Controllers\Home))
#5 D:\sisChamados\system\CodeIgniter.php(308): CodeIgniter\CodeIgniter->handleRequest(NULL, Object(Config\Cache), false)
#6 D:\sisChamados\public\index.php(45): CodeIgniter\CodeIgniter->run()
#7 D:\sisChamados\system\Commands\Server\rewrite.php(34): require_once('D:\\sisChamados\\...')
#8 {main}
CRITICAL - 2020-07-08 22:54:54 --> Invalid file: views/main/adminMain.php
#0 D:\sisChamados\system\View\View.php(228): CodeIgniter\Exceptions\FrameworkException::forInvalidFile('views/main/admi...')
#1 D:\sisChamados\system\Common.php(1087): CodeIgniter\View\View->render('views/main/admi...', Array, true)
#2 D:\sisChamados\app\Controllers\Home.php(7): view('views/main/admi...')
#3 D:\sisChamados\system\CodeIgniter.php(914): App\Controllers\Home->index()
#4 D:\sisChamados\system\CodeIgniter.php(400): CodeIgniter\CodeIgniter->runController(Object(App\Controllers\Home))
#5 D:\sisChamados\system\CodeIgniter.php(308): CodeIgniter\CodeIgniter->handleRequest(NULL, Object(Config\Cache), false)
#6 D:\sisChamados\public\index.php(45): CodeIgniter\CodeIgniter->run()
#7 D:\sisChamados\system\Commands\Server\rewrite.php(34): require_once('D:\\sisChamados\\...')
#8 {main}
CRITICAL - 2020-07-08 22:55:13 --> Invalid file: main/adminMain.php
#0 D:\sisChamados\system\View\View.php(228): CodeIgniter\Exceptions\FrameworkException::forInvalidFile('main/adminMain....')
#1 D:\sisChamados\system\Common.php(1087): CodeIgniter\View\View->render('main/adminMain', Array, true)
#2 D:\sisChamados\app\Controllers\Home.php(7): view('main/adminMain')
#3 D:\sisChamados\system\CodeIgniter.php(914): App\Controllers\Home->index()
#4 D:\sisChamados\system\CodeIgniter.php(400): CodeIgniter\CodeIgniter->runController(Object(App\Controllers\Home))
#5 D:\sisChamados\system\CodeIgniter.php(308): CodeIgniter\CodeIgniter->handleRequest(NULL, Object(Config\Cache), false)
#6 D:\sisChamados\public\index.php(45): CodeIgniter\CodeIgniter->run()
#7 D:\sisChamados\system\Commands\Server\rewrite.php(34): require_once('D:\\sisChamados\\...')
#8 {main}
CRITICAL - 2020-07-08 22:55:16 --> Invalid file: /main/adminMain.php
#0 D:\sisChamados\system\View\View.php(228): CodeIgniter\Exceptions\FrameworkException::forInvalidFile('/main/adminMain...')
#1 D:\sisChamados\system\Common.php(1087): CodeIgniter\View\View->render('/main/adminMain', Array, true)
#2 D:\sisChamados\app\Controllers\Home.php(7): view('/main/adminMain')
#3 D:\sisChamados\system\CodeIgniter.php(914): App\Controllers\Home->index()
#4 D:\sisChamados\system\CodeIgniter.php(400): CodeIgniter\CodeIgniter->runController(Object(App\Controllers\Home))
#5 D:\sisChamados\system\CodeIgniter.php(308): CodeIgniter\CodeIgniter->handleRequest(NULL, Object(Config\Cache), false)
#6 D:\sisChamados\public\index.php(45): CodeIgniter\CodeIgniter->run()
#7 D:\sisChamados\system\Commands\Server\rewrite.php(34): require_once('D:\\sisChamados\\...')
#8 {main}
CRITICAL - 2020-07-08 22:55:50 --> Invalid file: ./menu/adminMenu.php
#0 D:\sisChamados\system\View\View.php(228): CodeIgniter\Exceptions\FrameworkException::forInvalidFile('./menu/adminMen...')
#1 D:\sisChamados\system\Common.php(1087): CodeIgniter\View\View->render('./menu/adminMen...', Array, true)
#2 D:\sisChamados\app\Views\template\main\adminMain.php(1): view('./menu/adminMen...')
#3 D:\sisChamados\system\View\View.php(246): include('D:\\sisChamados\\...')
#4 D:\sisChamados\system\Common.php(1087): CodeIgniter\View\View->render('template/main/a...', Array, true)
#5 D:\sisChamados\app\Controllers\Home.php(7): view('template/main/a...')
#6 D:\sisChamados\system\CodeIgniter.php(914): App\Controllers\Home->index()
#7 D:\sisChamados\system\CodeIgniter.php(400): CodeIgniter\CodeIgniter->runController(Object(App\Controllers\Home))
#8 D:\sisChamados\system\CodeIgniter.php(308): CodeIgniter\CodeIgniter->handleRequest(NULL, Object(Config\Cache), false)
#9 D:\sisChamados\public\index.php(45): CodeIgniter\CodeIgniter->run()
#10 D:\sisChamados\system\Commands\Server\rewrite.php(34): require_once('D:\\sisChamados\\...')
#11 {main}
CRITICAL - 2020-07-08 22:55:58 --> Invalid file: ./menu/adminMenu.php
#0 D:\sisChamados\system\View\View.php(228): CodeIgniter\Exceptions\FrameworkException::forInvalidFile('./menu/adminMen...')
#1 D:\sisChamados\system\Common.php(1087): CodeIgniter\View\View->render('./menu/adminMen...', Array, true)
#2 D:\sisChamados\app\Views\template\main\adminMain.php(1): view('./menu/adminMen...')
#3 D:\sisChamados\system\View\View.php(246): include('D:\\sisChamados\\...')
#4 D:\sisChamados\system\Common.php(1087): CodeIgniter\View\View->render('template/main/a...', Array, true)
#5 D:\sisChamados\app\Controllers\Home.php(7): view('template/main/a...')
#6 D:\sisChamados\system\CodeIgniter.php(914): App\Controllers\Home->index()
#7 D:\sisChamados\system\CodeIgniter.php(400): CodeIgniter\CodeIgniter->runController(Object(App\Controllers\Home))
#8 D:\sisChamados\system\CodeIgniter.php(308): CodeIgniter\CodeIgniter->handleRequest(NULL, Object(Config\Cache), false)
#9 D:\sisChamados\public\index.php(45): CodeIgniter\CodeIgniter->run()
#10 D:\sisChamados\system\Commands\Server\rewrite.php(34): require_once('D:\\sisChamados\\...')
#11 {main}
CRITICAL - 2020-07-08 22:56:22 --> Invalid file: template/adminMain.php
#0 D:\sisChamados\system\View\View.php(228): CodeIgniter\Exceptions\FrameworkException::forInvalidFile('template/adminM...')
#1 D:\sisChamados\system\Common.php(1087): CodeIgniter\View\View->render('template/adminM...', Array, true)
#2 D:\sisChamados\app\Controllers\Home.php(7): view('template/adminM...')
#3 D:\sisChamados\system\CodeIgniter.php(914): App\Controllers\Home->index()
#4 D:\sisChamados\system\CodeIgniter.php(400): CodeIgniter\CodeIgniter->runController(Object(App\Controllers\Home))
#5 D:\sisChamados\system\CodeIgniter.php(308): CodeIgniter\CodeIgniter->handleRequest(NULL, Object(Config\Cache), false)
#6 D:\sisChamados\public\index.php(45): CodeIgniter\CodeIgniter->run()
#7 D:\sisChamados\system\Commands\Server\rewrite.php(34): require_once('D:\\sisChamados\\...')
#8 {main}
CRITICAL - 2020-07-08 22:56:32 --> Invalid file: /template/adminMain.php
#0 D:\sisChamados\system\View\View.php(228): CodeIgniter\Exceptions\FrameworkException::forInvalidFile('/template/admin...')
#1 D:\sisChamados\system\Common.php(1087): CodeIgniter\View\View->render('/template/admin...', Array, true)
#2 D:\sisChamados\app\Controllers\Home.php(7): view('/template/admin...')
#3 D:\sisChamados\system\CodeIgniter.php(914): App\Controllers\Home->index()
#4 D:\sisChamados\system\CodeIgniter.php(400): CodeIgniter\CodeIgniter->runController(Object(App\Controllers\Home))
#5 D:\sisChamados\system\CodeIgniter.php(308): CodeIgniter\CodeIgniter->handleRequest(NULL, Object(Config\Cache), false)
#6 D:\sisChamados\public\index.php(45): CodeIgniter\CodeIgniter->run()
#7 D:\sisChamados\system\Commands\Server\rewrite.php(34): require_once('D:\\sisChamados\\...')
#8 {main}
CRITICAL - 2020-07-08 22:56:40 --> Invalid file: ./menu/adminMenu.php
#0 D:\sisChamados\system\View\View.php(228): CodeIgniter\Exceptions\FrameworkException::forInvalidFile('./menu/adminMen...')
#1 D:\sisChamados\system\Common.php(1087): CodeIgniter\View\View->render('./menu/adminMen...', Array, true)
#2 D:\sisChamados\app\Views\template\main\adminMain.php(1): view('./menu/adminMen...')
#3 D:\sisChamados\system\View\View.php(246): include('D:\\sisChamados\\...')
#4 D:\sisChamados\system\Common.php(1087): CodeIgniter\View\View->render('/template/main/...', Array, true)
#5 D:\sisChamados\app\Controllers\Home.php(7): view('/template/main/...')
#6 D:\sisChamados\system\CodeIgniter.php(914): App\Controllers\Home->index()
#7 D:\sisChamados\system\CodeIgniter.php(400): CodeIgniter\CodeIgniter->runController(Object(App\Controllers\Home))
#8 D:\sisChamados\system\CodeIgniter.php(308): CodeIgniter\CodeIgniter->handleRequest(NULL, Object(Config\Cache), false)
#9 D:\sisChamados\public\index.php(45): CodeIgniter\CodeIgniter->run()
#10 D:\sisChamados\system\Commands\Server\rewrite.php(34): require_once('D:\\sisChamados\\...')
#11 {main}
CRITICAL - 2020-07-08 22:57:05 --> Invalid file: ./menu/adminMenu.php
#0 D:\sisChamados\system\View\View.php(228): CodeIgniter\Exceptions\FrameworkException::forInvalidFile('./menu/adminMen...')
#1 D:\sisChamados\system\Common.php(1087): CodeIgniter\View\View->render('./menu/adminMen...', Array, true)
#2 D:\sisChamados\app\Views\template\adminMain.php(1): view('./menu/adminMen...')
#3 D:\sisChamados\system\View\View.php(246): include('D:\\sisChamados\\...')
#4 D:\sisChamados\system\Common.php(1087): CodeIgniter\View\View->render('template/adminM...', Array, true)
#5 D:\sisChamados\app\Controllers\Home.php(7): view('template/adminM...')
#6 D:\sisChamados\system\CodeIgniter.php(914): App\Controllers\Home->index()
#7 D:\sisChamados\system\CodeIgniter.php(400): CodeIgniter\CodeIgniter->runController(Object(App\Controllers\Home))
#8 D:\sisChamados\system\CodeIgniter.php(308): CodeIgniter\CodeIgniter->handleRequest(NULL, Object(Config\Cache), false)
#9 D:\sisChamados\public\index.php(45): CodeIgniter\CodeIgniter->run()
#10 D:\sisChamados\system\Commands\Server\rewrite.php(34): require_once('D:\\sisChamados\\...')
#11 {main}
CRITICAL - 2020-07-08 22:57:45 --> Invalid file: ./menu/adminMenu.php
#0 D:\sisChamados\system\View\View.php(228): CodeIgniter\Exceptions\FrameworkException::forInvalidFile('./menu/adminMen...')
#1 D:\sisChamados\system\Common.php(1087): CodeIgniter\View\View->render('./menu/adminMen...', Array, true)
#2 D:\sisChamados\app\Views\template\adminMain.php(1): view('./menu/adminMen...')
#3 D:\sisChamados\system\View\View.php(246): include('D:\\sisChamados\\...')
#4 D:\sisChamados\system\Common.php(1087): CodeIgniter\View\View->render('template/adminM...', Array, true)
#5 D:\sisChamados\app\Controllers\Home.php(7): view('template/adminM...')
#6 D:\sisChamados\system\CodeIgniter.php(914): App\Controllers\Home->index()
#7 D:\sisChamados\system\CodeIgniter.php(400): CodeIgniter\CodeIgniter->runController(Object(App\Controllers\Home))
#8 D:\sisChamados\system\CodeIgniter.php(308): CodeIgniter\CodeIgniter->handleRequest(NULL, Object(Config\Cache), false)
#9 D:\sisChamados\public\index.php(45): CodeIgniter\CodeIgniter->run()
#10 D:\sisChamados\system\Commands\Server\rewrite.php(34): require_once('D:\\sisChamados\\...')
#11 {main}
CRITICAL - 2020-07-08 22:57:52 --> Invalid file: ./menu/adminMenu.php
#0 D:\sisChamados\system\View\View.php(228): CodeIgniter\Exceptions\FrameworkException::forInvalidFile('./menu/adminMen...')
#1 D:\sisChamados\system\Common.php(1087): CodeIgniter\View\View->render('./menu/adminMen...', Array, true)
#2 D:\sisChamados\app\Views\template\adminMain.php(1): view('./menu/adminMen...')
#3 D:\sisChamados\system\View\View.php(246): include('D:\\sisChamados\\...')
#4 D:\sisChamados\system\Common.php(1087): CodeIgniter\View\View->render('template/adminM...', Array, true)
#5 D:\sisChamados\app\Controllers\Home.php(7): view('template/adminM...')
#6 D:\sisChamados\system\CodeIgniter.php(914): App\Controllers\Home->index()
#7 D:\sisChamados\system\CodeIgniter.php(400): CodeIgniter\CodeIgniter->runController(Object(App\Controllers\Home))
#8 D:\sisChamados\system\CodeIgniter.php(308): CodeIgniter\CodeIgniter->handleRequest(NULL, Object(Config\Cache), false)
#9 D:\sisChamados\public\index.php(45): CodeIgniter\CodeIgniter->run()
#10 D:\sisChamados\system\Commands\Server\rewrite.php(34): require_once('D:\\sisChamados\\...')
#11 {main}
CRITICAL - 2020-07-08 22:58:18 --> Invalid file: ./menu/adminMenu.php
#0 D:\sisChamados\system\View\View.php(228): CodeIgniter\Exceptions\FrameworkException::forInvalidFile('./menu/adminMen...')
#1 D:\sisChamados\system\Common.php(1087): CodeIgniter\View\View->render('./menu/adminMen...', Array, true)
#2 D:\sisChamados\app\Views\template\adminMain.php(1): view('./menu/adminMen...')
#3 D:\sisChamados\system\View\View.php(246): include('D:\\sisChamados\\...')
#4 D:\sisChamados\system\Common.php(1087): CodeIgniter\View\View->render('template/adminM...', Array, true)
#5 D:\sisChamados\app\Controllers\Home.php(7): view('template/adminM...')
#6 D:\sisChamados\system\CodeIgniter.php(914): App\Controllers\Home->index()
#7 D:\sisChamados\system\CodeIgniter.php(400): CodeIgniter\CodeIgniter->runController(Object(App\Controllers\Home))
#8 D:\sisChamados\system\CodeIgniter.php(308): CodeIgniter\CodeIgniter->handleRequest(NULL, Object(Config\Cache), false)
#9 D:\sisChamados\public\index.php(45): CodeIgniter\CodeIgniter->run()
#10 D:\sisChamados\system\Commands\Server\rewrite.php(34): require_once('D:\\sisChamados\\...')
#11 {main}
CRITICAL - 2020-07-08 22:59:16 --> Invalid file: .menu/adminMenu.php
#0 D:\sisChamados\system\View\View.php(228): CodeIgniter\Exceptions\FrameworkException::forInvalidFile('.menu/adminMenu...')
#1 D:\sisChamados\system\Common.php(1087): CodeIgniter\View\View->render('.menu/adminMenu', Array, true)
#2 D:\sisChamados\app\Views\template\adminMain.php(1): view('.menu/adminMenu')
#3 D:\sisChamados\system\View\View.php(246): include('D:\\sisChamados\\...')
#4 D:\sisChamados\system\Common.php(1087): CodeIgniter\View\View->render('template/adminM...', Array, true)
#5 D:\sisChamados\app\Controllers\Home.php(7): view('template/adminM...')
#6 D:\sisChamados\system\CodeIgniter.php(914): App\Controllers\Home->index()
#7 D:\sisChamados\system\CodeIgniter.php(400): CodeIgniter\CodeIgniter->runController(Object(App\Controllers\Home))
#8 D:\sisChamados\system\CodeIgniter.php(308): CodeIgniter\CodeIgniter->handleRequest(NULL, Object(Config\Cache), false)
#9 D:\sisChamados\public\index.php(45): CodeIgniter\CodeIgniter->run()
#10 D:\sisChamados\system\Commands\Server\rewrite.php(34): require_once('D:\\sisChamados\\...')
#11 {main}
CRITICAL - 2020-07-08 22:59:29 --> Invalid file: menu/adminMenu.php
#0 D:\sisChamados\system\View\View.php(228): CodeIgniter\Exceptions\FrameworkException::forInvalidFile('menu/adminMenu....')
#1 D:\sisChamados\system\Common.php(1087): CodeIgniter\View\View->render('menu/adminMenu', Array, true)
#2 D:\sisChamados\app\Views\template\adminMain.php(1): view('menu/adminMenu')
#3 D:\sisChamados\system\View\View.php(246): include('D:\\sisChamados\\...')
#4 D:\sisChamados\system\Common.php(1087): CodeIgniter\View\View->render('template/adminM...', Array, true)
#5 D:\sisChamados\app\Controllers\Home.php(7): view('template/adminM...')
#6 D:\sisChamados\system\CodeIgniter.php(914): App\Controllers\Home->index()
#7 D:\sisChamados\system\CodeIgniter.php(400): CodeIgniter\CodeIgniter->runController(Object(App\Controllers\Home))
#8 D:\sisChamados\system\CodeIgniter.php(308): CodeIgniter\CodeIgniter->handleRequest(NULL, Object(Config\Cache), false)
#9 D:\sisChamados\public\index.php(45): CodeIgniter\CodeIgniter->run()
#10 D:\sisChamados\system\Commands\Server\rewrite.php(34): require_once('D:\\sisChamados\\...')
#11 {main}
CRITICAL - 2020-07-08 22:59:36 --> Invalid file: /menu/adminMenu.php
#0 D:\sisChamados\system\View\View.php(228): CodeIgniter\Exceptions\FrameworkException::forInvalidFile('/menu/adminMenu...')
#1 D:\sisChamados\system\Common.php(1087): CodeIgniter\View\View->render('/menu/adminMenu', Array, true)
#2 D:\sisChamados\app\Views\template\adminMain.php(1): view('/menu/adminMenu')
#3 D:\sisChamados\system\View\View.php(246): include('D:\\sisChamados\\...')
#4 D:\sisChamados\system\Common.php(1087): CodeIgniter\View\View->render('template/adminM...', Array, true)
#5 D:\sisChamados\app\Controllers\Home.php(7): view('template/adminM...')
#6 D:\sisChamados\system\CodeIgniter.php(914): App\Controllers\Home->index()
#7 D:\sisChamados\system\CodeIgniter.php(400): CodeIgniter\CodeIgniter->runController(Object(App\Controllers\Home))
#8 D:\sisChamados\system\CodeIgniter.php(308): CodeIgniter\CodeIgniter->handleRequest(NULL, Object(Config\Cache), false)
#9 D:\sisChamados\public\index.php(45): CodeIgniter\CodeIgniter->run()
#10 D:\sisChamados\system\Commands\Server\rewrite.php(34): require_once('D:\\sisChamados\\...')
#11 {main}
CRITICAL - 2020-07-08 23:00:10 --> Invalid file: ./header.php
#0 D:\sisChamados\system\View\View.php(228): CodeIgniter\Exceptions\FrameworkException::forInvalidFile('./header.php')
#1 D:\sisChamados\system\Common.php(1087): CodeIgniter\View\View->render('./header', Array, true)
#2 D:\sisChamados\app\Views\template\adminMenu.php(1): view('./header')
#3 D:\sisChamados\system\View\View.php(246): include('D:\\sisChamados\\...')
#4 D:\sisChamados\system\Common.php(1087): CodeIgniter\View\View->render('template/adminM...', Array, true)
#5 D:\sisChamados\app\Views\template\adminMain.php(1): view('template/adminM...')
#6 D:\sisChamados\system\View\View.php(246): include('D:\\sisChamados\\...')
#7 D:\sisChamados\system\Common.php(1087): CodeIgniter\View\View->render('template/adminM...', Array, true)
#8 D:\sisChamados\app\Controllers\Home.php(7): view('template/adminM...')
#9 D:\sisChamados\system\CodeIgniter.php(914): App\Controllers\Home->index()
#10 D:\sisChamados\system\CodeIgniter.php(400): CodeIgniter\CodeIgniter->runController(Object(App\Controllers\Home))
#11 D:\sisChamados\system\CodeIgniter.php(308): CodeIgniter\CodeIgniter->handleRequest(NULL, Object(Config\Cache), false)
#12 D:\sisChamados\public\index.php(45): CodeIgniter\CodeIgniter->run()
#13 D:\sisChamados\system\Commands\Server\rewrite.php(34): require_once('D:\\sisChamados\\...')
#14 {main}
CRITICAL - 2020-07-08 23:34:44 --> Invalid file: template/adminMain.php
#0 D:\sisChamados\system\View\View.php(228): CodeIgniter\Exceptions\FrameworkException::forInvalidFile('template/adminM...')
#1 D:\sisChamados\system\Common.php(1087): CodeIgniter\View\View->render('template/adminM...', Array, true)
#2 D:\sisChamados\app\Controllers\Home.php(7): view('template/adminM...')
#3 D:\sisChamados\system\CodeIgniter.php(914): App\Controllers\Home->index()
#4 D:\sisChamados\system\CodeIgniter.php(400): CodeIgniter\CodeIgniter->runController(Object(App\Controllers\Home))
#5 D:\sisChamados\system\CodeIgniter.php(308): CodeIgniter\CodeIgniter->handleRequest(NULL, Object(Config\Cache), false)
#6 D:\sisChamados\public\index.php(45): CodeIgniter\CodeIgniter->run()
#7 D:\sisChamados\system\Commands\Server\rewrite.php(34): require_once('D:\\sisChamados\\...')
#8 {main}
