CRITICAL - 2020-08-02 01:02:33 --> min_lenght não é uma regra válida.
#0 D:\horizon\system\Validation\Validation.php(302): CodeIgniter\Validation\Exceptions\ValidationException::forRuleNotFound('min_lenght')
#1 D:\horizon\system\Validation\Validation.php(189): CodeIgniter\Validation\Validation->processRules('txtTitulo', 'Titulo', 'AAA', Array, Array)
#2 D:\horizon\app\Controllers\Tickets.php(61): CodeIgniter\Validation\Validation->run()
#3 D:\horizon\system\CodeIgniter.php(914): App\Controllers\Tickets->cadastraChamado()
#4 D:\horizon\system\CodeIgniter.php(400): CodeIgniter\CodeIgniter->runController(Object(App\Controllers\Tickets))
#5 D:\horizon\system\CodeIgniter.php(308): CodeIgniter\CodeIgniter->handleRequest(NULL, Object(Config\Cache), false)
#6 D:\horizon\public\index.php(45): CodeIgniter\CodeIgniter->run()
#7 D:\horizon\system\Commands\Server\rewrite.php(34): require_once('D:\\horizon\\publ...')
#8 {main}
CRITICAL - 2020-08-02 01:02:57 --> min_lenght não é uma regra válida.
#0 D:\horizon\system\Validation\Validation.php(302): CodeIgniter\Validation\Exceptions\ValidationException::forRuleNotFound('min_lenght')
#1 D:\horizon\system\Validation\Validation.php(189): CodeIgniter\Validation\Validation->processRules('txtTitulo', 'Titulo', 'A', Array, Array)
#2 D:\horizon\app\Controllers\Tickets.php(61): CodeIgniter\Validation\Validation->run()
#3 D:\horizon\system\CodeIgniter.php(914): App\Controllers\Tickets->cadastraChamado()
#4 D:\horizon\system\CodeIgniter.php(400): CodeIgniter\CodeIgniter->runController(Object(App\Controllers\Tickets))
#5 D:\horizon\system\CodeIgniter.php(308): CodeIgniter\CodeIgniter->handleRequest(NULL, Object(Config\Cache), false)
#6 D:\horizon\public\index.php(45): CodeIgniter\CodeIgniter->run()
#7 D:\horizon\system\Commands\Server\rewrite.php(34): require_once('D:\\horizon\\publ...')
#8 {main}
CRITICAL - 2020-08-02 01:33:28 --> A non-numeric value encountered
#0 D:\horizon\app\Controllers\Tickets.php(96): CodeIgniter\Debug\Exceptions->errorHandler(2, 'A non-numeric v...', 'D:\\horizon\\app\\...', 96, Array)
#1 D:\horizon\system\CodeIgniter.php(914): App\Controllers\Tickets->cadastraChamado()
#2 D:\horizon\system\CodeIgniter.php(400): CodeIgniter\CodeIgniter->runController(Object(App\Controllers\Tickets))
#3 D:\horizon\system\CodeIgniter.php(308): CodeIgniter\CodeIgniter->handleRequest(NULL, Object(Config\Cache), false)
#4 D:\horizon\public\index.php(45): CodeIgniter\CodeIgniter->run()
#5 D:\horizon\system\Commands\Server\rewrite.php(34): require_once('D:\\horizon\\publ...')
#6 {main}
CRITICAL - 2020-08-02 03:01:19 --> You have an error in your SQL syntax; check the manual that corresponds to your MySQL server version for the right syntax to use near ''chamados' WHERE 'id_usuario' = 3' at line 1
#0 D:\horizon\system\Database\MySQLi\Connection.php(331): mysqli->query('SELECT * FROM '...')
#1 D:\horizon\system\Database\BaseConnection.php(738): CodeIgniter\Database\MySQLi\Connection->execute('SELECT * FROM '...')
#2 D:\horizon\system\Database\BaseConnection.php(666): CodeIgniter\Database\BaseConnection->simpleQuery('SELECT * FROM '...')
#3 D:\horizon\app\Controllers\Tickets.php(34): CodeIgniter\Database\BaseConnection->query('SELECT * FROM '...')
#4 D:\horizon\system\CodeIgniter.php(914): App\Controllers\Tickets->meusChamados()
#5 D:\horizon\system\CodeIgniter.php(400): CodeIgniter\CodeIgniter->runController(Object(App\Controllers\Tickets))
#6 D:\horizon\system\CodeIgniter.php(308): CodeIgniter\CodeIgniter->handleRequest(NULL, Object(Config\Cache), false)
#7 D:\horizon\public\index.php(45): CodeIgniter\CodeIgniter->run()
#8 D:\horizon\system\Commands\Server\rewrite.php(34): require_once('D:\\horizon\\publ...')
#9 {main}
CRITICAL - 2020-08-02 03:01:57 --> You have an error in your SQL syntax; check the manual that corresponds to your MySQL server version for the right syntax to use near ''chamados' WHERE 'id_usuario' = 3' at line 1
#0 D:\horizon\system\Database\MySQLi\Connection.php(331): mysqli->query('SELECT * FROM '...')
#1 D:\horizon\system\Database\BaseConnection.php(738): CodeIgniter\Database\MySQLi\Connection->execute('SELECT * FROM '...')
#2 D:\horizon\system\Database\BaseConnection.php(666): CodeIgniter\Database\BaseConnection->simpleQuery('SELECT * FROM '...')
#3 D:\horizon\app\Controllers\Tickets.php(34): CodeIgniter\Database\BaseConnection->query('SELECT * FROM '...')
#4 D:\horizon\system\CodeIgniter.php(914): App\Controllers\Tickets->meusChamados()
#5 D:\horizon\system\CodeIgniter.php(400): CodeIgniter\CodeIgniter->runController(Object(App\Controllers\Tickets))
#6 D:\horizon\system\CodeIgniter.php(308): CodeIgniter\CodeIgniter->handleRequest(NULL, Object(Config\Cache), false)
#7 D:\horizon\public\index.php(45): CodeIgniter\CodeIgniter->run()
#8 D:\horizon\system\Commands\Server\rewrite.php(34): require_once('D:\\horizon\\publ...')
#9 {main}
CRITICAL - 2020-08-02 03:04:03 --> You have an error in your SQL syntax; check the manual that corresponds to your MySQL server version for the right syntax to use near ''chamados' WHERE 'id_usuario' = 3' at line 1
#0 D:\horizon\system\Database\MySQLi\Connection.php(331): mysqli->query('SELECT * FROM '...')
#1 D:\horizon\system\Database\BaseConnection.php(738): CodeIgniter\Database\MySQLi\Connection->execute('SELECT * FROM '...')
#2 D:\horizon\system\Database\BaseConnection.php(666): CodeIgniter\Database\BaseConnection->simpleQuery('SELECT * FROM '...')
#3 D:\horizon\app\Controllers\Tickets.php(34): CodeIgniter\Database\BaseConnection->query('SELECT * FROM '...')
#4 D:\horizon\system\CodeIgniter.php(914): App\Controllers\Tickets->meusChamados()
#5 D:\horizon\system\CodeIgniter.php(400): CodeIgniter\CodeIgniter->runController(Object(App\Controllers\Tickets))
#6 D:\horizon\system\CodeIgniter.php(308): CodeIgniter\CodeIgniter->handleRequest(NULL, Object(Config\Cache), false)
#7 D:\horizon\public\index.php(45): CodeIgniter\CodeIgniter->run()
#8 D:\horizon\system\Commands\Server\rewrite.php(34): require_once('D:\\horizon\\publ...')
#9 {main}
CRITICAL - 2020-08-02 03:05:11 --> You have an error in your SQL syntax; check the manual that corresponds to your MySQL server version for the right syntax to use near ''chamados' WHERE 'id_usuario' = 3' at line 1
#0 D:\horizon\system\Database\MySQLi\Connection.php(331): mysqli->query('SELECT * FROM '...')
#1 D:\horizon\system\Database\BaseConnection.php(738): CodeIgniter\Database\MySQLi\Connection->execute('SELECT * FROM '...')
#2 D:\horizon\system\Database\BaseConnection.php(666): CodeIgniter\Database\BaseConnection->simpleQuery('SELECT * FROM '...')
#3 D:\horizon\app\Controllers\Tickets.php(34): CodeIgniter\Database\BaseConnection->query('SELECT * FROM '...')
#4 D:\horizon\system\CodeIgniter.php(914): App\Controllers\Tickets->meusChamados()
#5 D:\horizon\system\CodeIgniter.php(400): CodeIgniter\CodeIgniter->runController(Object(App\Controllers\Tickets))
#6 D:\horizon\system\CodeIgniter.php(308): CodeIgniter\CodeIgniter->handleRequest(NULL, Object(Config\Cache), false)
#7 D:\horizon\public\index.php(45): CodeIgniter\CodeIgniter->run()
#8 D:\horizon\system\Commands\Server\rewrite.php(34): require_once('D:\\horizon\\publ...')
#9 {main}
CRITICAL - 2020-08-02 03:05:25 --> You have an error in your SQL syntax; check the manual that corresponds to your MySQL server version for the right syntax to use near ''chamados' WHERE 'id_usuario' = 3' at line 1
#0 D:\horizon\system\Database\MySQLi\Connection.php(331): mysqli->query('SELECT * FROM '...')
#1 D:\horizon\system\Database\BaseConnection.php(738): CodeIgniter\Database\MySQLi\Connection->execute('SELECT * FROM '...')
#2 D:\horizon\system\Database\BaseConnection.php(666): CodeIgniter\Database\BaseConnection->simpleQuery('SELECT * FROM '...')
#3 D:\horizon\app\Controllers\Tickets.php(34): CodeIgniter\Database\BaseConnection->query('SELECT * FROM '...')
#4 D:\horizon\system\CodeIgniter.php(914): App\Controllers\Tickets->meusChamados()
#5 D:\horizon\system\CodeIgniter.php(400): CodeIgniter\CodeIgniter->runController(Object(App\Controllers\Tickets))
#6 D:\horizon\system\CodeIgniter.php(308): CodeIgniter\CodeIgniter->handleRequest(NULL, Object(Config\Cache), false)
#7 D:\horizon\public\index.php(45): CodeIgniter\CodeIgniter->run()
#8 D:\horizon\system\Commands\Server\rewrite.php(34): require_once('D:\\horizon\\publ...')
#9 {main}
CRITICAL - 2020-08-02 03:06:02 --> You have an error in your SQL syntax; check the manual that corresponds to your MySQL server version for the right syntax to use near ''chamados' WHERE 'id_usuario' = 3' at line 1
#0 D:\horizon\system\Database\MySQLi\Connection.php(331): mysqli->query('SELECT * FROM '...')
#1 D:\horizon\system\Database\BaseConnection.php(738): CodeIgniter\Database\MySQLi\Connection->execute('SELECT * FROM '...')
#2 D:\horizon\system\Database\BaseConnection.php(666): CodeIgniter\Database\BaseConnection->simpleQuery('SELECT * FROM '...')
#3 D:\horizon\app\Controllers\Tickets.php(34): CodeIgniter\Database\BaseConnection->query('SELECT * FROM '...')
#4 D:\horizon\system\CodeIgniter.php(914): App\Controllers\Tickets->meusChamados()
#5 D:\horizon\system\CodeIgniter.php(400): CodeIgniter\CodeIgniter->runController(Object(App\Controllers\Tickets))
#6 D:\horizon\system\CodeIgniter.php(308): CodeIgniter\CodeIgniter->handleRequest(NULL, Object(Config\Cache), false)
#7 D:\horizon\public\index.php(45): CodeIgniter\CodeIgniter->run()
#8 D:\horizon\system\Commands\Server\rewrite.php(34): require_once('D:\\horizon\\publ...')
#9 {main}
CRITICAL - 2020-08-02 03:09:00 --> You have an error in your SQL syntax; check the manual that corresponds to your MySQL server version for the right syntax to use near ''chamados' WHERE 'id_usuario' = 3' at line 1
#0 D:\horizon\system\Database\MySQLi\Connection.php(331): mysqli->query('SELECT * FROM '...')
#1 D:\horizon\system\Database\BaseConnection.php(738): CodeIgniter\Database\MySQLi\Connection->execute('SELECT * FROM '...')
#2 D:\horizon\system\Database\BaseConnection.php(666): CodeIgniter\Database\BaseConnection->simpleQuery('SELECT * FROM '...')
#3 D:\horizon\app\Controllers\Tickets.php(34): CodeIgniter\Database\BaseConnection->query('SELECT * FROM '...')
#4 D:\horizon\system\CodeIgniter.php(914): App\Controllers\Tickets->meusChamados()
#5 D:\horizon\system\CodeIgniter.php(400): CodeIgniter\CodeIgniter->runController(Object(App\Controllers\Tickets))
#6 D:\horizon\system\CodeIgniter.php(308): CodeIgniter\CodeIgniter->handleRequest(NULL, Object(Config\Cache), false)
#7 D:\horizon\public\index.php(45): CodeIgniter\CodeIgniter->run()
#8 D:\horizon\system\Commands\Server\rewrite.php(34): require_once('D:\\horizon\\publ...')
#9 {main}
CRITICAL - 2020-08-02 03:12:58 --> You have an error in your SQL syntax; check the manual that corresponds to your MySQL server version for the right syntax to use near ''chamados' WHERE 'id_usuario' = 3' at line 1
#0 D:\horizon\system\Database\MySQLi\Connection.php(331): mysqli->query('SELECT * FROM '...')
#1 D:\horizon\system\Database\BaseConnection.php(738): CodeIgniter\Database\MySQLi\Connection->execute('SELECT * FROM '...')
#2 D:\horizon\system\Database\BaseConnection.php(666): CodeIgniter\Database\BaseConnection->simpleQuery('SELECT * FROM '...')
#3 D:\horizon\app\Controllers\Tickets.php(34): CodeIgniter\Database\BaseConnection->query('SELECT * FROM '...')
#4 D:\horizon\system\CodeIgniter.php(914): App\Controllers\Tickets->meusChamados()
#5 D:\horizon\system\CodeIgniter.php(400): CodeIgniter\CodeIgniter->runController(Object(App\Controllers\Tickets))
#6 D:\horizon\system\CodeIgniter.php(308): CodeIgniter\CodeIgniter->handleRequest(NULL, Object(Config\Cache), false)
#7 D:\horizon\public\index.php(45): CodeIgniter\CodeIgniter->run()
#8 D:\horizon\system\Commands\Server\rewrite.php(34): require_once('D:\\horizon\\publ...')
#9 {main}
CRITICAL - 2020-08-02 15:17:31 --> You have an error in your SQL syntax; check the manual that corresponds to your MySQL server version for the right syntax to use near '1' at line 1
#0 D:\horizon\system\Database\MySQLi\Connection.php(331): mysqli->query('SELECT * FROM u...')
#1 D:\horizon\system\Database\BaseConnection.php(738): CodeIgniter\Database\MySQLi\Connection->execute('SELECT * FROM u...')
#2 D:\horizon\system\Database\BaseConnection.php(666): CodeIgniter\Database\BaseConnection->simpleQuery('SELECT * FROM u...')
#3 D:\horizon\app\Controllers\Login.php(144): CodeIgniter\Database\BaseConnection->query('SELECT * FROM u...')
#4 D:\horizon\system\CodeIgniter.php(914): App\Controllers\Login->equipeTecnica()
#5 D:\horizon\system\CodeIgniter.php(400): CodeIgniter\CodeIgniter->runController(Object(App\Controllers\Login))
#6 D:\horizon\system\CodeIgniter.php(308): CodeIgniter\CodeIgniter->handleRequest(NULL, Object(Config\Cache), false)
#7 D:\horizon\public\index.php(45): CodeIgniter\CodeIgniter->run()
#8 D:\horizon\system\Commands\Server\rewrite.php(34): require_once('D:\\horizon\\publ...')
#9 {main}
CRITICAL - 2020-08-02 15:17:49 --> You have an error in your SQL syntax; check the manual that corresponds to your MySQL server version for the right syntax to use near '1' at line 1
#0 D:\horizon\system\Database\MySQLi\Connection.php(331): mysqli->query('SELECT * FROM u...')
#1 D:\horizon\system\Database\BaseConnection.php(738): CodeIgniter\Database\MySQLi\Connection->execute('SELECT * FROM u...')
#2 D:\horizon\system\Database\BaseConnection.php(666): CodeIgniter\Database\BaseConnection->simpleQuery('SELECT * FROM u...')
#3 D:\horizon\app\Controllers\Login.php(144): CodeIgniter\Database\BaseConnection->query('SELECT * FROM u...')
#4 D:\horizon\system\CodeIgniter.php(914): App\Controllers\Login->equipeTecnica()
#5 D:\horizon\system\CodeIgniter.php(400): CodeIgniter\CodeIgniter->runController(Object(App\Controllers\Login))
#6 D:\horizon\system\CodeIgniter.php(308): CodeIgniter\CodeIgniter->handleRequest(NULL, Object(Config\Cache), false)
#7 D:\horizon\public\index.php(45): CodeIgniter\CodeIgniter->run()
#8 D:\horizon\system\Commands\Server\rewrite.php(34): require_once('D:\\horizon\\publ...')
#9 {main}
CRITICAL - 2020-08-02 15:18:10 --> Operand should contain 1 column(s)
#0 D:\horizon\system\Database\MySQLi\Connection.php(331): mysqli->query('SELECT * FROM u...')
#1 D:\horizon\system\Database\BaseConnection.php(738): CodeIgniter\Database\MySQLi\Connection->execute('SELECT * FROM u...')
#2 D:\horizon\system\Database\BaseConnection.php(666): CodeIgniter\Database\BaseConnection->simpleQuery('SELECT * FROM u...')
#3 D:\horizon\app\Controllers\Login.php(144): CodeIgniter\Database\BaseConnection->query('SELECT * FROM u...')
#4 D:\horizon\system\CodeIgniter.php(914): App\Controllers\Login->equipeTecnica()
#5 D:\horizon\system\CodeIgniter.php(400): CodeIgniter\CodeIgniter->runController(Object(App\Controllers\Login))
#6 D:\horizon\system\CodeIgniter.php(308): CodeIgniter\CodeIgniter->handleRequest(NULL, Object(Config\Cache), false)
#7 D:\horizon\public\index.php(45): CodeIgniter\CodeIgniter->run()
#8 D:\horizon\system\Commands\Server\rewrite.php(34): require_once('D:\\horizon\\publ...')
#9 {main}
CRITICAL - 2020-08-02 15:18:16 --> You have an error in your SQL syntax; check the manual that corresponds to your MySQL server version for the right syntax to use near '; 2)' at line 1
#0 D:\horizon\system\Database\MySQLi\Connection.php(331): mysqli->query('SELECT * FROM u...')
#1 D:\horizon\system\Database\BaseConnection.php(738): CodeIgniter\Database\MySQLi\Connection->execute('SELECT * FROM u...')
#2 D:\horizon\system\Database\BaseConnection.php(666): CodeIgniter\Database\BaseConnection->simpleQuery('SELECT * FROM u...')
#3 D:\horizon\app\Controllers\Login.php(144): CodeIgniter\Database\BaseConnection->query('SELECT * FROM u...')
#4 D:\horizon\system\CodeIgniter.php(914): App\Controllers\Login->equipeTecnica()
#5 D:\horizon\system\CodeIgniter.php(400): CodeIgniter\CodeIgniter->runController(Object(App\Controllers\Login))
#6 D:\horizon\system\CodeIgniter.php(308): CodeIgniter\CodeIgniter->handleRequest(NULL, Object(Config\Cache), false)
#7 D:\horizon\public\index.php(45): CodeIgniter\CodeIgniter->run()
#8 D:\horizon\system\Commands\Server\rewrite.php(34): require_once('D:\\horizon\\publ...')
#9 {main}
CRITICAL - 2020-08-02 15:18:28 --> FUNCTION sis_chamados.nivel does not exist
#0 D:\horizon\system\Database\MySQLi\Connection.php(331): mysqli->query('SELECT * FROM u...')
#1 D:\horizon\system\Database\BaseConnection.php(738): CodeIgniter\Database\MySQLi\Connection->execute('SELECT * FROM u...')
#2 D:\horizon\system\Database\BaseConnection.php(666): CodeIgniter\Database\BaseConnection->simpleQuery('SELECT * FROM u...')
#3 D:\horizon\app\Controllers\Login.php(144): CodeIgniter\Database\BaseConnection->query('SELECT * FROM u...')
#4 D:\horizon\system\CodeIgniter.php(914): App\Controllers\Login->equipeTecnica()
#5 D:\horizon\system\CodeIgniter.php(400): CodeIgniter\CodeIgniter->runController(Object(App\Controllers\Login))
#6 D:\horizon\system\CodeIgniter.php(308): CodeIgniter\CodeIgniter->handleRequest(NULL, Object(Config\Cache), false)
#7 D:\horizon\public\index.php(45): CodeIgniter\CodeIgniter->run()
#8 D:\horizon\system\Commands\Server\rewrite.php(34): require_once('D:\\horizon\\publ...')
#9 {main}
CRITICAL - 2020-08-02 16:22:05 --> You have an error in your SQL syntax; check the manual that corresponds to your MySQL server version for the right syntax to use near '= 3ORDER BY `status` ASC `data_criacao` DESC' at line 1
#0 D:\horizon\system\Database\MySQLi\Connection.php(331): mysqli->query('SELECT * FROM c...')
#1 D:\horizon\system\Database\BaseConnection.php(738): CodeIgniter\Database\MySQLi\Connection->execute('SELECT * FROM c...')
#2 D:\horizon\system\Database\BaseConnection.php(666): CodeIgniter\Database\BaseConnection->simpleQuery('SELECT * FROM c...')
#3 D:\horizon\app\Controllers\Tickets.php(56): CodeIgniter\Database\BaseConnection->query('SELECT * FROM c...')
#4 D:\horizon\system\CodeIgniter.php(914): App\Controllers\Tickets->meusChamados()
#5 D:\horizon\system\CodeIgniter.php(400): CodeIgniter\CodeIgniter->runController(Object(App\Controllers\Tickets))
#6 D:\horizon\system\CodeIgniter.php(308): CodeIgniter\CodeIgniter->handleRequest(NULL, Object(Config\Cache), false)
#7 D:\horizon\public\index.php(45): CodeIgniter\CodeIgniter->run()
#8 D:\horizon\system\Commands\Server\rewrite.php(34): require_once('D:\\horizon\\publ...')
#9 {main}
CRITICAL - 2020-08-02 16:23:56 --> You have an error in your SQL syntax; check the manual that corresponds to your MySQL server version for the right syntax to use near 'BY `status` ASC `data_criacao` DESC' at line 1
#0 D:\horizon\system\Database\MySQLi\Connection.php(331): mysqli->query('SELECT * FROM c...')
#1 D:\horizon\system\Database\BaseConnection.php(738): CodeIgniter\Database\MySQLi\Connection->execute('SELECT * FROM c...')
#2 D:\horizon\system\Database\BaseConnection.php(666): CodeIgniter\Database\BaseConnection->simpleQuery('SELECT * FROM c...')
#3 D:\horizon\app\Controllers\Tickets.php(56): CodeIgniter\Database\BaseConnection->query('SELECT * FROM c...')
#4 D:\horizon\system\CodeIgniter.php(914): App\Controllers\Tickets->meusChamados()
#5 D:\horizon\system\CodeIgniter.php(400): CodeIgniter\CodeIgniter->runController(Object(App\Controllers\Tickets))
#6 D:\horizon\system\CodeIgniter.php(308): CodeIgniter\CodeIgniter->handleRequest(NULL, Object(Config\Cache), false)
#7 D:\horizon\public\index.php(45): CodeIgniter\CodeIgniter->run()
#8 D:\horizon\system\Commands\Server\rewrite.php(34): require_once('D:\\horizon\\publ...')
#9 {main}
CRITICAL - 2020-08-02 16:26:23 --> You have an error in your SQL syntax; check the manual that corresponds to your MySQL server version for the right syntax to use near '`data_criacao` DESC' at line 1
#0 D:\horizon\system\Database\MySQLi\Connection.php(331): mysqli->query('SELECT * FROM c...')
#1 D:\horizon\system\Database\BaseConnection.php(738): CodeIgniter\Database\MySQLi\Connection->execute('SELECT * FROM c...')
#2 D:\horizon\system\Database\BaseConnection.php(666): CodeIgniter\Database\BaseConnection->simpleQuery('SELECT * FROM c...')
#3 D:\horizon\app\Controllers\Tickets.php(56): CodeIgniter\Database\BaseConnection->query('SELECT * FROM c...')
#4 D:\horizon\system\CodeIgniter.php(914): App\Controllers\Tickets->meusChamados()
#5 D:\horizon\system\CodeIgniter.php(400): CodeIgniter\CodeIgniter->runController(Object(App\Controllers\Tickets))
#6 D:\horizon\system\CodeIgniter.php(308): CodeIgniter\CodeIgniter->handleRequest(NULL, Object(Config\Cache), false)
#7 D:\horizon\public\index.php(45): CodeIgniter\CodeIgniter->run()
#8 D:\horizon\system\Commands\Server\rewrite.php(34): require_once('D:\\horizon\\publ...')
#9 {main}
CRITICAL - 2020-08-02 16:26:54 --> Call to undefined method CodeIgniter\Database\MySQLi\Connection::escapeLiketring()
#0 D:\horizon\system\CodeIgniter.php(914): App\Controllers\Tickets->meusChamados()
#1 D:\horizon\system\CodeIgniter.php(400): CodeIgniter\CodeIgniter->runController(Object(App\Controllers\Tickets))
#2 D:\horizon\system\CodeIgniter.php(308): CodeIgniter\CodeIgniter->handleRequest(NULL, Object(Config\Cache), false)
#3 D:\horizon\public\index.php(45): CodeIgniter\CodeIgniter->run()
#4 D:\horizon\system\Commands\Server\rewrite.php(34): require_once('D:\\horizon\\publ...')
#5 {main}
CRITICAL - 2020-08-02 16:27:33 --> Call to undefined method CodeIgniter\Database\MySQLi\Connection::escapeLiketring()
#0 D:\horizon\system\CodeIgniter.php(914): App\Controllers\Tickets->meusChamados()
#1 D:\horizon\system\CodeIgniter.php(400): CodeIgniter\CodeIgniter->runController(Object(App\Controllers\Tickets))
#2 D:\horizon\system\CodeIgniter.php(308): CodeIgniter\CodeIgniter->handleRequest(NULL, Object(Config\Cache), false)
#3 D:\horizon\public\index.php(45): CodeIgniter\CodeIgniter->run()
#4 D:\horizon\system\Commands\Server\rewrite.php(34): require_once('D:\\horizon\\publ...')
#5 {main}
CRITICAL - 2020-08-02 16:39:47 --> Arquivo inválido: Tickets/responder.php
#0 D:\horizon\system\View\View.php(228): CodeIgniter\Exceptions\FrameworkException::forInvalidFile('Tickets/respond...')
#1 D:\horizon\system\Common.php(1087): CodeIgniter\View\View->render('Tickets/respond...', Array, true)
#2 D:\horizon\app\Controllers\Tickets.php(126): view('Tickets/respond...')
#3 D:\horizon\system\CodeIgniter.php(914): App\Controllers\Tickets->responder('8')
#4 D:\horizon\system\CodeIgniter.php(400): CodeIgniter\CodeIgniter->runController(Object(App\Controllers\Tickets))
#5 D:\horizon\system\CodeIgniter.php(308): CodeIgniter\CodeIgniter->handleRequest(NULL, Object(Config\Cache), false)
#6 D:\horizon\public\index.php(45): CodeIgniter\CodeIgniter->run()
#7 D:\horizon\system\Commands\Server\rewrite.php(34): require_once('D:\\horizon\\publ...')
#8 {main}
CRITICAL - 2020-08-02 18:39:37 --> Arquivo inválido: Tickets/answerTicket.php
#0 D:\horizon\system\View\View.php(228): CodeIgniter\Exceptions\FrameworkException::forInvalidFile('Tickets/answerT...')
#1 D:\horizon\system\Common.php(1087): CodeIgniter\View\View->render('Tickets/answerT...', Array, true)
#2 D:\horizon\app\Controllers\Tickets.php(144): view('Tickets/answerT...')
#3 D:\horizon\system\CodeIgniter.php(914): App\Controllers\Tickets->responderTec('7')
#4 D:\horizon\system\CodeIgniter.php(400): CodeIgniter\CodeIgniter->runController(Object(App\Controllers\Tickets))
#5 D:\horizon\system\CodeIgniter.php(308): CodeIgniter\CodeIgniter->handleRequest(NULL, Object(Config\Cache), false)
#6 D:\horizon\public\index.php(45): CodeIgniter\CodeIgniter->run()
#7 D:\horizon\system\Commands\Server\rewrite.php(34): require_once('D:\\horizon\\publ...')
#8 {main}
CRITICAL - 2020-08-02 18:54:52 --> Undefined variable: chamado
#0 D:\horizon\app\Views\myTicket\answerTecTicket.php(10): CodeIgniter\Debug\Exceptions->errorHandler(8, 'Undefined varia...', 'D:\\horizon\\app\\...', 10, Array)
#1 D:\horizon\system\View\View.php(246): include('D:\\horizon\\app\\...')
#2 D:\horizon\system\Common.php(1087): CodeIgniter\View\View->render('myTicket/answer...', Array, true)
#3 D:\horizon\app\Controllers\Tickets.php(144): view('myTicket/answer...')
#4 D:\horizon\system\CodeIgniter.php(914): App\Controllers\Tickets->responderTec('7')
#5 D:\horizon\system\CodeIgniter.php(400): CodeIgniter\CodeIgniter->runController(Object(App\Controllers\Tickets))
#6 D:\horizon\system\CodeIgniter.php(308): CodeIgniter\CodeIgniter->handleRequest(NULL, Object(Config\Cache), false)
#7 D:\horizon\public\index.php(45): CodeIgniter\CodeIgniter->run()
#8 D:\horizon\system\Commands\Server\rewrite.php(34): require_once('D:\\horizon\\publ...')
#9 {main}
CRITICAL - 2020-08-02 19:11:20 --> Arquivo inválido: myTicket/answerTicket.php
#0 D:\horizon\system\View\View.php(228): CodeIgniter\Exceptions\FrameworkException::forInvalidFile('myTicket/answer...')
#1 D:\horizon\system\Common.php(1087): CodeIgniter\View\View->render('myTicket/answer...', Array, true)
#2 D:\horizon\app\Controllers\Tickets.php(170): view('myTicket/answer...', Array)
#3 D:\horizon\system\CodeIgniter.php(914): App\Controllers\Tickets->responderUser('1')
#4 D:\horizon\system\CodeIgniter.php(400): CodeIgniter\CodeIgniter->runController(Object(App\Controllers\Tickets))
#5 D:\horizon\system\CodeIgniter.php(308): CodeIgniter\CodeIgniter->handleRequest(NULL, Object(Config\Cache), false)
#6 D:\horizon\public\index.php(45): CodeIgniter\CodeIgniter->run()
#7 D:\horizon\system\Commands\Server\rewrite.php(34): require_once('D:\\horizon\\publ...')
#8 {main}
